Android-2015/第四讲、Android Intent与Intent Filter/Intent/app/build/outputs/logs/manifest-merger-debug-report.txt
-- Merging decision tree log ---
manifest
ADDED from src/main/AndroidManifest.xml:2:1-67:12
	package
		ADDED from src/main/AndroidManifest.xml:3:5-28
		INJECTED from src/main/AndroidManifest.xml
		INJECTED from src/main/AndroidManifest.xml
	android:versionName
		ADDED from src/main/AndroidManifest.xml:5:5-30
		INJECTED from src/main/AndroidManifest.xml
		INJECTED from src/main/AndroidManifest.xml
	android:versionCode
		ADDED from src/main/AndroidManifest.xml:4:5-28
		INJECTED from src/main/AndroidManifest.xml
		INJECTED from src/main/AndroidManifest.xml
	xmlns:android
		ADDED from src/main/AndroidManifest.xml:2:11-69
uses-sdk
ADDED from src/main/AndroidManifest.xml:7:5-9:41
MERGED from [com.android.support:appcompat-v7:22.2.1] AndroidManifest.xml:20:5-43
MERGED from [com.android.support:support-v4:22.2.1] AndroidManifest.xml:20:5-43
MERGED from [com.android.support:support-v4:22.2.1] AndroidManifest.xml:20:5-43
	android:targetSdkVersion
		ADDED from src/main/AndroidManifest.xml:9:9-38
		INJECTED from src/main/AndroidManifest.xml
		INJECTED from src/main/AndroidManifest.xml
	android:minSdkVersion
		ADDED from src/main/AndroidManifest.xml:8:9-34
		INJECTED from src/main/AndroidManifest.xml
		INJECTED from src/main/AndroidManifest.xml
application
ADDED from src/main/AndroidManifest.xml:11:5-65:19
MERGED from [com.android.support:appcompat-v7:22.2.1] AndroidManifest.xml:22:5-20
MERGED from [com.android.support:support-v4:22.2.1] AndroidManifest.xml:22:5-20
MERGED from [com.android.support:support-v4:22.2.1] AndroidManifest.xml:22:5-20
	android:label
		ADDED from src/main/AndroidManifest.xml:14:9-41
	android:allowBackup
		ADDED from src/main/AndroidManifest.xml:12:9-35
	android:icon
		ADDED from src/main/AndroidManifest.xml:13:9-45
	android:theme
		ADDED from src/main/AndroidManifest.xml:15:9-40
activity#com.ht.intent.MainActivity
ADDED from src/main/AndroidManifest.xml:16:9-24:20
	android:label
		ADDED from src/main/AndroidManifest.xml:18:13-45
	android:name
		ADDED from src/main/AndroidManifest.xml:17:13-41
intent-filter#android.intent.action.MAIN+android.intent.category.LAUNCHER
ADDED from src/main/AndroidManifest.xml:19:13-23:29
action#android.intent.action.MAIN
ADDED from src/main/AndroidManifest.xml:20:17-69
	android:name
		ADDED from src/main/AndroidManifest.xml:20:25-66
category#android.intent.category.LAUNCHER
ADDED from src/main/AndroidManifest.xml:22:17-77
	android:name
		ADDED from src/main/AndroidManifest.xml:22:27-74
activity#com.ht.intent.LoginActivity
ADDED from src/main/AndroidManifest.xml:25:9-33:20
	android:label
		ADDED from src/main/AndroidManifest.xml:27:13-57
	android:name
		ADDED from src/main/AndroidManifest.xml:26:13-42
intent-filter#android.intent.category.DEFAULT+com.ht.activity.LOGIN_ACTION
ADDED from src/main/AndroidManifest.xml:28:13-32:29
action#com.ht.activity.LOGIN_ACTION
ADDED from src/main/AndroidManifest.xml:29:17-71
	android:name
		ADDED from src/main/AndroidManifest.xml:29:25-68
category#android.intent.category.DEFAULT
ADDED from src/main/AndroidManifest.xml:31:17-76
	android:name
		ADDED from src/main/AndroidManifest.xml:31:27-73
activity#com.ht.intent.LoginActivity1
ADDED from src/main/AndroidManifest.xml:34:9-42:20
	android:label
		ADDED from src/main/AndroidManifest.xml:36:13-67
	android:name
		ADDED from src/main/AndroidManifest.xml:35:13-43
activity#com.ht.intent.LoginActivity2
ADDED from src/main/AndroidManifest.xml:43:9-52:20
	android:label
		ADDED from src/main/AndroidManifest.xml:45:13-67
	android:name
		ADDED from src/main/AndroidManifest.xml:44:13-43
intent-filter#android.intent.category.DEFAULT+com.ht.activity.LOGIN_ACTION+com.ht.activity.LOGIN_CATEGORY
ADDED from src/main/AndroidManifest.xml:46:13-51:29
category#com.ht.activity.LOGIN_CATEGORY
ADDED from src/main/AndroidManifest.xml:50:17-75
	android:name
		ADDED from src/main/AndroidManifest.xml:50:27-72
activity#com.ht.intent.LoginActivity4
ADDED from src/main/AndroidManifest.xml:53:9-64:20
	android:label
		ADDED from src/main/AndroidManifest.xml:55:13-67
	android:name
		ADDED from src/main/AndroidManifest.xml:54:13-43